<?xml version="1.0" encoding="UTF-8"?>
<!-- Generated by org.testng.reporters.JUnitReportReporter -->
<testsuite hostname="ApurvaNaik42" failures="0" tests="4" name="TestComponenet.LibraryApiTest" time="0.364" errors="0" timestamp="2023-12-23T11:49:46 IST" skipped="0">
  <testcase classname="TestComponenet.LibraryApiTest" name="addBook" time="0.098"/>
  <testcase classname="TestComponenet.LibraryApiTest" name="deleteBook" time="0.069"/>
  <testcase classname="TestComponenet.LibraryApiTest" name="addBook" time="0.131"/>
  <testcase classname="TestComponenet.LibraryApiTest" name="deleteBook" time="0.066"/>
</testsuite> <!-- TestComponenet.LibraryApiTest -->
