<?xml version="1.0" encoding="UTF-8"?>
<!-- Generated by org.testng.reporters.JUnitReportReporter -->
<testsuite hostname="ApurvaNaik42" failures="0" tests="3" name="TestComponenet.DemloTest" time="4.921" errors="0" timestamp="2023-12-23T11:49:46 IST" skipped="0">
  <testcase classname="TestComponenet.DemloTest" name="addPlace" time="3.330"/>
  <testcase classname="TestComponenet.DemloTest" name="getPlace" time="0.621"/>
  <testcase classname="TestComponenet.DemloTest" name="updatePlace" time="0.970"/>
</testsuite> <!-- TestComponenet.DemloTest -->
